[2021-02-03T11:00:03+07:00] "GET /api/v1/books/1" 200 260 - 99.488 ms[2021-02-03T11:57:18+07:00] "GET /api/v1/books/1" 200 260 - 79.412 ms
[2021-02-03T12:00:12+07:00] "GET /api/v1/books/1" 200 260 - 105.263 ms
[2021-02-03T12:01:06+07:00] "GET /api/v1/books/1" 200 260 - 69.316 ms
[2021-02-03T12:02:32+07:00] "GET /api/v1/books/1" 200 260 - 67.278 ms
[2021-02-03T12:02:46+07:00] "GET /api/v1/books/1" 500 1372 - 3.292 ms
[2021-02-03T12:03:24+07:00] "GET /api/v1/books/1" 500 1372 - 8.317 ms
[2021-02-03T12:03:50+07:00] "GET /api/v1/books/1" 200 260 - 63.419 ms
[2021-02-03T12:04:10+07:00] "GET /api/v1/books/1" 200 260 - 73.306 ms
[2021-02-03T14:47:08+07:00] "POST /authors/create" 400 33 - 4.308 ms
[2021-02-03T14:47:57+07:00] "POST /api/v1/authors/create" 500 1466 - 5.435 ms
[2021-02-03T14:48:48+07:00] "POST /api/v1/authors/create" 200 216 - 99.264 ms
[2021-02-03T14:49:11+07:00] "POST /api/v1/authors/create" 200 219 - 19.778 ms
[2021-02-03T14:51:02+07:00] "POST /api/v1/authors/create" 200 219 - 9.129 ms
[2021-02-03T14:51:31+07:00] "POST /api/v1/authors/create" 200 221 - 12.155 ms
[2021-02-03T15:45:42+07:00] "POST /api/v1/authors/create" - - - - ms
[2021-02-03T15:46:06+07:00] "POST /api/v1/authors/create" - - - - ms
[2021-02-03T15:46:49+07:00] "POST /api/v1/authors/create" - - - - ms
[2021-02-03T15:48:46+07:00] "POST /api/v1/authors/create" - - - - ms
[2021-02-03T15:50:33+07:00] "POST /api/v1/authors/create" - - - - ms
[2021-02-03T16:07:55+07:00] "POST /api/v1/authors/create" 422 45 - 91.024 ms
[2021-02-03T16:14:50+07:00] "POST /api/v1/authors/create" 422 45 - 84.422 ms
[2021-02-03T16:17:28+07:00] "POST /api/v1/authors/create" 200 219 - 70.308 ms
[2021-02-04T22:50:16+07:00] "POST /api/v1/authors/create" 200 216 - 140.764 ms
[2021-02-04T22:50:32+07:00] "POST /api/v1/authors/create" 200 216 - 18.546 ms
[2021-02-04T22:52:12+07:00] "POST /api/v1/authors/create" 200 216 - 86.719 ms
[2021-02-04T22:52:22+07:00] "POST /api/v1/authors/create" 200 219 - 31.454 ms
[2021-02-04T22:52:27+07:00] "POST /api/v1/authors/create" 200 219 - 22.038 ms
[2021-02-04T22:52:30+07:00] "POST /api/v1/authors/create" 200 219 - 10.777 ms
[2021-02-04T23:52:46+07:00] "POST /api/v1/user/" 400 33 - 3.236 ms
[2021-02-04T23:53:21+07:00] "POST /api/v1/user/" 400 33 - 1.358 ms
[2021-02-04T23:53:24+07:00] "POST /api/v1/users" 400 33 - 0.608 ms
[2021-02-04T23:54:27+07:00] "POST /api/v1/users" 200 288 - 199.406 ms
[2021-02-04T23:55:13+07:00] "POST /api/v1/users" 500 1101 - 43.411 ms
[2021-02-04T23:57:48+07:00] "POST /api/v1/login" 400 33 - 1.246 ms
[2021-02-04T23:57:56+07:00] "POST /api/v1/users/login" 200 204 - 117.216 ms
[2021-02-04T23:58:12+07:00] "POST /api/v1/users/login" 500 279 - 103.582 ms
[2021-02-04T23:59:27+07:00] "POST /api/v1/users/profile/1" 400 33 - 0.557 ms
[2021-02-04T23:59:40+07:00] "POST /api/v1/users/profile?id=1" 400 33 - 0.557 ms
[2021-02-05T00:00:42+07:00] "POST /api/v1/users/profile?id=1" 400 33 - 0.699 ms
[2021-02-05T00:01:31+07:00] "POST /api/v1/users/profile?id=1" 400 33 - 0.621 ms
[2021-02-05T00:01:46+07:00] "POST /api/v1/users/profile?id=1" 400 33 - 5.643 ms
[2021-02-05T00:02:41+07:00] "POST /api/v1/users/profile" 400 33 - 1.054 ms
[2021-02-05T00:02:56+07:00] "POST /api/v1/users/login" 200 204 - 162.819 ms
[2021-02-05T00:03:17+07:00] "POST /api/v1/users/profile?id=1" 400 33 - 1.059 ms
[2021-02-05T00:04:41+07:00] "POST /api/v1/users/profile?id=1" 400 33 - 0.694 ms
[2021-02-05T00:05:09+07:00] "POST /api/v1/users/profile/1" 400 33 - 5.116 ms
[2021-02-05T00:09:46+07:00] "POST /api/v1/users/login" 500 279 - 158.580 ms
[2021-02-05T00:11:46+07:00] "POST /api/v1/users/login" 500 279 - 110.834 ms
[2021-02-05T00:12:18+07:00] "POST /api/v1/users/login" 200 204 - 109.761 ms
[2021-02-05T00:15:14+07:00] "POST /api/v1/users/profile?id=1" 400 33 - 0.576 ms
[2021-02-05T00:20:22+07:00] "POST /api/v1/users/1" 400 33 - 0.338 ms
[2021-02-05T00:20:40+07:00] "GET /api/v1/users/profile?id=1" 500 503 - 16.642 ms
[2021-02-05T00:22:04+07:00] "GET /api/v1/users/profile?id=1" 500 503 - 96.309 ms
[2021-02-05T00:23:21+07:00] "POST /api/v1/users/login" 200 204 - 173.086 ms
[2021-02-05T00:23:34+07:00] "POST /api/v1/users/profile?id=1" 400 33 - 1.147 ms
[2021-02-05T00:23:46+07:00] "GET /api/v1/users/profile?id=1" 500 503 - 30.339 ms
[2021-02-05T00:24:42+07:00] "GET /api/v1/users/profile" 500 503 - 19.581 ms
[2021-02-05T00:24:48+07:00] "GET /api/v1/users/profile" 500 503 - 9.468 ms
[2021-02-05T00:25:23+07:00] "GET /api/v1/users/profile?id=1" 500 503 - 14.762 ms
[2021-02-05T00:25:43+07:00] "GET /api/v1/users/profile?id=1" 500 503 - 83.288 ms
[2021-02-05T00:27:00+07:00] "GET /api/v1/users/profile" 500 503 - 47.474 ms
[2021-02-05T00:28:02+07:00] "GET /api/v1/users/profile?id=1" 500 503 - 88.923 ms
[2021-02-05T00:28:12+07:00] "GET /api/v1/users/profile" 500 503 - 32.870 ms
[2021-02-05T00:28:23+07:00] "GET /api/v1/users/1" 200 279 - 16.739 ms
[2021-02-05T00:28:50+07:00] "GET /api/v1/users/1" 200 279 - 84.461 ms
[2021-02-05T00:30:02+07:00] "PUT /api/v1/users/1" 200 59 - 38.425 ms
[2021-02-05T00:30:07+07:00] "GET /api/v1/users/1" 200 282 - 13.547 ms
[2021-02-05T16:03:03+07:00] "GET /api/v1/users/profile" 500 503 - 92.697 ms
[2021-02-05T16:09:09+07:00] "GET /api/v1/users/profile" 500 503 - 85.367 ms
[2021-02-05T16:10:38+07:00] "GET /api/v1/users/profile" 500 503 - 80.854 ms
[2021-02-05T16:31:35+07:00] "GET /api/v1/users/profile" 500 503 - 101.606 ms
[2021-02-05T16:32:37+07:00] "GET /api/v1/users/profile" 500 503 - 110.978 ms
[2021-02-05T16:33:36+07:00] "POST /api/v1/users/login" 200 207 - 111.237 ms
[2021-02-05T16:34:02+07:00] "GET /api/v1/users/profile" 500 503 - 41.079 ms
[2021-02-05T16:34:09+07:00] "GET /api/v1/users/profile" 500 503 - 8.950 ms
[2021-02-05T16:37:56+07:00] "GET /api/v1/users/profile" 500 503 - 90.855 ms
[2021-02-05T16:39:12+07:00] "GET /api/v1/users/profile" 500 503 - 74.099 ms
[2021-02-05T16:39:25+07:00] "GET /api/v1/users/profile" 500 503 - 100.651 ms
[2021-02-05T16:39:28+07:00] "GET /api/v1/users/profile" 500 503 - 14.744 ms
[2021-02-05T16:41:02+07:00] "GET /api/v1/users/profile" 500 503 - 76.932 ms
[2021-02-05T16:41:15+07:00] "GET /api/v1/users/profile" 500 503 - 16.238 ms
[2021-02-05T16:42:22+07:00] "GET /api/v1/users/profile" 500 503 - 86.085 ms
[2021-02-05T16:42:47+07:00] "GET /api/v1/users/profile" 500 503 - 91.510 ms
[2021-02-05T16:42:56+07:00] "GET /api/v1/users/profile" 500 503 - 10.991 ms
[2021-02-05T16:49:59+07:00] "GET /api/v1/users/profile" 500 503 - 106.089 ms
[2021-02-05T16:51:12+07:00] "GET /api/v1/users/profile" 500 503 - 80.836 ms
[2021-02-06T00:44:17+07:00] "GET /api/v1/users/profile" 500 503 - 131.982 ms
[2021-02-06T00:44:40+07:00] "POST /api/v1/users/login" 500 552 - 99.601 ms
[2021-02-06T00:45:16+07:00] "POST /api/v1/users/login" 500 552 - 100.983 ms
[2021-02-06T00:45:27+07:00] "GET /api/v1/authors/" 200 2801 - 20.917 ms
[2021-02-06T00:47:40+07:00] "GET /api/v1/users/profile" 500 503 - 95.445 ms
[2021-02-06T00:49:45+07:00] "GET /api/v1/users/profile" 500 488 - 78.986 ms
[2021-02-06T00:55:05+07:00] "GET /api/v1/users/profile" 500 488 - 84.219 ms
[2021-02-06T00:57:21+07:00] "GET /api/v1/users/profile" 500 488 - 113.802 ms
[2021-02-06T00:59:06+07:00] "GET /api/v1/users/profile" 500 488 - 118.257 ms
[2021-02-06T00:59:51+07:00] "POST /api/v1/users/login" 500 488 - 20.406 ms
[2021-02-06T01:01:55+07:00] "POST /api/v1/users/register" 400 33 - 0.909 ms
[2021-02-06T01:02:37+07:00] "POST /api/v1/users/register" 500 1090 - 94.368 ms
[2021-02-06T01:03:23+07:00] "POST /api/v1/users/register" 500 1090 - 85.547 ms
[2021-02-06T01:03:34+07:00] "GET /home/lsaputra-e/javascript/test-day-xapiens-bootcamp/day13/src/controllers/userController.js:12:23)" 400 33 - 0.844 ms
[2021-02-06T01:03:34+07:00] "GET /favicon.ico" 400 33 - 0.466 ms
[2021-02-06T01:11:37+07:00] "POST /api/v1/users/register" 200 291 - 175.412 ms
[2021-02-06T01:12:25+07:00] "POST /api/v1/users/login" 200 203 - 147.604 ms
[2021-02-06T01:12:48+07:00] "GET /api/v1/users/profile" 500 503 - 35.292 ms
[2021-02-06T01:13:14+07:00] "GET /api/v1/users/profile" 500 503 - 73.069 ms
[2021-02-06T01:14:42+07:00] "GET /api/v1/users/profile" 500 503 - 74.607 ms
[2021-02-06T01:16:19+07:00] "GET /api/v1/users/profile" 500 503 - 85.748 ms
[2021-02-06T01:16:25+07:00] "GET /api/v1/users/profile" 500 503 - 20.056 ms
[2021-02-06T01:18:43+07:00] "GET /api/v1/users/profile" 500 503 - 86.812 ms
[2021-02-06T01:20:30+07:00] "GET /api/v1/users/profile" 500 503 - 70.843 ms
[2021-02-06T01:21:52+07:00] "GET /api/v1/users/profile" 500 503 - 24.973 ms
[2021-02-06T01:22:39+07:00] "GET /api/v1/users/profile" 500 503 - 77.887 ms
[2021-02-06T01:31:18+07:00] "GET /api/v1/users/profile" 500 503 - 78.778 ms
[2021-02-06T01:31:59+07:00] "GET /api/v1/users" 200 292 - 15.837 ms
[2021-02-06T01:32:29+07:00] "GET /api/v1/users/profile" 500 503 - 18.849 ms
[2021-02-06T01:33:53+07:00] "GET /api/v1/users/profile" 200 9 - 5.453 ms
[2021-02-06T01:34:31+07:00] "GET /api/v1/users/profile" 500 1402 - 13.026 ms
[2021-02-06T01:34:59+07:00] "GET /api/v1/users/profile" - - - - ms
[2021-02-06T01:35:07+07:00] "POST /api/v1/users/login" 200 203 - 105.335 ms
[2021-02-06T01:35:58+07:00] "GET /api/v1/users/profile" - - - - ms
[2021-02-06T01:36:40+07:00] "GET /api/v1/users/profile" 200 77 - 94.564 ms
