[2021-02-09T00:00:30+07:00] "POST /api/v1/user/register" 404 59 - 4.722 ms
[2021-02-09T00:01:23+07:00] "POST /api/v1/user/" 404 59 - 0.965 ms
[2021-02-09T00:03:27+07:00] "POST /api/v1/users/register" 422 72 - 169.357 ms
[2021-02-09T00:04:10+07:00] "POST /api/v1/users/register" 200 303 - 122.666 ms
[2021-02-09T00:05:16+07:00] "POST /api/v1/users/regist" 404 59 - 1.421 ms
[2021-02-09T00:05:32+07:00] "POST /api/v1/users/login" 200 247 - 158.901 ms
[2021-02-09T00:05:54+07:00] "POST /api/v1/users/profile" 404 59 - 1.087 ms
[2021-02-09T00:05:57+07:00] "GET /api/v1/users/profile" 400 1156 - 21.704 ms
[2021-02-09T00:07:53+07:00] "GET /api/v1/users/profile" 400 1156 - 18.922 ms
[2021-02-09T00:35:48+07:00] "GET /api/v1/authors/" 200 2972 - 82.851 ms
[2021-02-09T00:48:55+07:00] "GET /api/v1/authors/" 200 2972 - 106.310 ms
[2021-02-09T00:49:10+07:00] "GET /api/v1/authors/" 200 2972 - 19.899 ms
[2021-02-09T01:01:19+07:00] "GET /api/v1/authors/" 200 2972 - 58.233 ms
[2021-02-09T01:01:21+07:00] "GET /api/v1/authors/" 200 2972 - 25.718 ms
[2021-02-09T01:18:08+07:00] "GET /api/v1/authors/" 401 108 - 12.361 ms
[2021-02-09T01:18:09+07:00] "GET /api/v1/authors/" 401 108 - 7.329 ms
[2021-02-09T01:18:45+07:00] "POST /api/v1/users/register" 200 307 - 141.847 ms
[2021-02-09T01:19:22+07:00] "POST /api/v1/users/login" 200 249 - 107.426 ms
[2021-02-09T01:19:42+07:00] "POST /api/v1/authors" 422 74 - 17.493 ms
[2021-02-09T01:19:54+07:00] "POST /api/v1/authors" 422 170 - 22.059 ms
[2021-02-09T01:20:11+07:00] "GET /api/v1/authors" 200 2972 - 18.163 ms
[2021-02-09T01:20:17+07:00] "GET /api/v1/authors" 200 2918 - 0.942 ms
